[debug] [2020-09-08T09:16:02.698Z] ----------------------------------------------------------------------
[debug] [2020-09-08T09:16:02.700Z] Command:       /home/ansar/.nvm/versions/node/v10.20.0/bin/node /home/ansar/.nvm/versions/node/v10.20.0/bin/firebase deploy --only functions
[debug] [2020-09-08T09:16:02.700Z] CLI Version:   8.2.0
[debug] [2020-09-08T09:16:02.700Z] Platform:      linux
[debug] [2020-09-08T09:16:02.700Z] Node Version:  v10.20.0
[debug] [2020-09-08T09:16:02.700Z] Time:          Tue Sep 08 2020 15:16:02 GMT+0600 (GMT+06:00)
[debug] [2020-09-08T09:16:02.701Z] ----------------------------------------------------------------------
[debug] [2020-09-08T09:16:02.701Z] 
[debug] [2020-09-08T09:16:02.712Z] > command requires scopes: ["email","openid","https://www.googleapis.com/auth/cloudplatformprojects.readonly","https://www.googleapis.com/auth/firebase","https://www.googleapis.com/auth/cloud-platform"]
[debug] [2020-09-08T09:16:02.713Z] > authorizing via signed-in user
[debug] [2020-09-08T09:16:02.713Z] [iam] checking project ecomarine-waste for permissions ["cloudfunctions.functions.create","cloudfunctions.functions.delete","cloudfunctions.functions.get","cloudfunctions.functions.list","cloudfunctions.functions.update","cloudfunctions.operations.get","firebase.projects.get"]
[debug] [2020-09-08T09:16:02.715Z] > refreshing access token with scopes: ["email","https://www.googleapis.com/auth/cloud-platform","https://www.googleapis.com/auth/cloudplatformprojects.readonly","https://www.googleapis.com/auth/firebase","openid"]
[debug] [2020-09-08T09:16:02.715Z] >>> HTTP REQUEST POST https://www.googleapis.com/oauth2/v3/token  
 <request body omitted>
[debug] [2020-09-08T09:16:03.298Z] <<< HTTP RESPONSE 200 {"content-type":"application/json; charset=utf-8","vary":"X-Origin, Referer, Origin,Accept-Encoding","date":"Tue, 08 Sep 2020 09:16:03 GMT","server":"scaffolding on HTTPServer2","cache-control":"private","x-xss-protection":"0","x-frame-options":"SAMEORIGIN","x-content-type-options":"nosniff","alt-svc":"h3-29=\":443\"; ma=2592000,h3-27=\":443\"; ma=2592000,h3-T051=\":443\"; ma=2592000,h3-T050=\":443\"; ma=2592000,h3-Q050=\":443\"; ma=2592000,h3-Q046=\":443\"; ma=2592000,h3-Q043=\":443\"; ma=2592000,quic=\":443\"; ma=2592000; v=\"46,43\"","accept-ranges":"none","transfer-encoding":"chunked"}
[debug] [2020-09-08T09:16:03.306Z] >>> HTTP REQUEST POST https://cloudresourcemanager.googleapis.com/v1/projects/ecomarine-waste:testIamPermissions  
 {"permissions":["cloudfunctions.functions.create","cloudfunctions.functions.delete","cloudfunctions.functions.get","cloudfunctions.functions.list","cloudfunctions.functions.update","cloudfunctions.operations.get","firebase.projects.get"]}
[debug] [2020-09-08T09:16:04.667Z] <<< HTTP RESPONSE 200 {"content-type":"application/json; charset=UTF-8","vary":"X-Origin, Referer, Origin,Accept-Encoding","date":"Tue, 08 Sep 2020 09:16:04 GMT","server":"ESF","cache-control":"private","x-xss-protection":"0","x-frame-options":"SAMEORIGIN","x-content-type-options":"nosniff","server-timing":"gfet4t7; dur=822","alt-svc":"h3-29=\":443\"; ma=2592000,h3-27=\":443\"; ma=2592000,h3-T051=\":443\"; ma=2592000,h3-T050=\":443\"; ma=2592000,h3-Q050=\":443\"; ma=2592000,h3-Q046=\":443\"; ma=2592000,h3-Q043=\":443\"; ma=2592000,quic=\":443\"; ma=2592000; v=\"46,43\"","accept-ranges":"none","transfer-encoding":"chunked"}
[debug] [2020-09-08T09:16:04.668Z] >>> HTTP REQUEST POST https://iam.googleapis.com/v1/projects/ecomarine-waste/serviceAccounts/ecomarine-waste@appspot.gserviceaccount.com:testIamPermissions  
 {"permissions":["iam.serviceAccounts.actAs"]}
[debug] [2020-09-08T09:16:05.867Z] <<< HTTP RESPONSE 200 {"content-type":"application/json; charset=UTF-8","vary":"X-Origin, Referer, Origin,Accept-Encoding","date":"Tue, 08 Sep 2020 09:16:05 GMT","server":"ESF","cache-control":"private","x-xss-protection":"0","x-frame-options":"SAMEORIGIN","x-content-type-options":"nosniff","alt-svc":"h3-29=\":443\"; ma=2592000,h3-27=\":443\"; ma=2592000,h3-T051=\":443\"; ma=2592000,h3-T050=\":443\"; ma=2592000,h3-Q050=\":443\"; ma=2592000,h3-Q046=\":443\"; ma=2592000,h3-Q043=\":443\"; ma=2592000,quic=\":443\"; ma=2592000; v=\"46,43\"","accept-ranges":"none","transfer-encoding":"chunked"}
[warn] ⚠  functions: package.json indicates an outdated version of firebase-functions.
Please upgrade using npm install --save firebase-functions@latest in your functions directory.
[info] 
[info] === Deploying to 'ecomarine-waste'...
[info] 
[info] i  deploying functions
[info] Running command: npm --prefix "$RESOURCE_DIR" run lint
[info] ✔  functions: Finished running predeploy script.
[debug] [2020-09-08T09:16:08.496Z] > [functions] package.json contents: {
  "name": "functions",
  "description": "Cloud Functions for Firebase",
  "scripts": {
    "lint": "eslint .",
    "serve": "firebase emulators:start --only functions",
    "shell": "firebase functions:shell",
    "start": "npm run shell",
    "deploy": "firebase deploy --only functions",
    "logs": "firebase functions:log"
  },
  "engines": {
    "node": "8"
  },
  "dependencies": {
    "dotenv": "^8.2.0",
    "firebase": "7.14.0",
    "firebase-admin": "^8.10.0",
    "firebase-functions": "^3.6.1",
    "googleapis": "^49.0.0",
    "nodemailer": "^6.4.6"
  },
  "devDependencies": {
    "eslint": "^5.12.0",
    "eslint-plugin-promise": "^4.0.1",
    "firebase-functions-test": "^0.2.0"
  },
  "private": true
}
[info] i  functions: ensuring required API cloudfunctions.googleapis.com is enabled...
[debug] [2020-09-08T09:16:09.524Z] [functions] runtime dependency check dates: warning: 2020-05-21T00:00:00.000Z error: 2020-07-09T00:00:00.000Z
[warn] 
[warn] ⚠  functions: The Node.js 8 runtime is deprecated and will be decommissioned on 2020-12-05. For more information, see: https://firebase.google.com/support/faq#functions-runtime
[warn] 
[debug] [2020-09-08T09:16:09.528Z] >>> HTTP REQUEST GET https://serviceusage.googleapis.com/v1/projects/ecomarine-waste/services/cloudfunctions.googleapis.com  
 
[debug] [2020-09-08T09:16:09.528Z] >>> HTTP REQUEST GET https://serviceusage.googleapis.com/v1/projects/ecomarine-waste/services/runtimeconfig.googleapis.com  
 
[debug] [2020-09-08T09:16:10.834Z] <<< HTTP RESPONSE 200 {"content-type":"application/json; charset=UTF-8","vary":"X-Origin, Referer, Origin,Accept-Encoding","date":"Tue, 08 Sep 2020 09:16:10 GMT","server":"ESF","cache-control":"private","x-xss-protection":"0","x-frame-options":"SAMEORIGIN","x-content-type-options":"nosniff","alt-svc":"h3-29=\":443\"; ma=2592000,h3-27=\":443\"; ma=2592000,h3-T051=\":443\"; ma=2592000,h3-T050=\":443\"; ma=2592000,h3-Q050=\":443\"; ma=2592000,h3-Q046=\":443\"; ma=2592000,h3-Q043=\":443\"; ma=2592000,quic=\":443\"; ma=2592000; v=\"46,43\"","accept-ranges":"none","transfer-encoding":"chunked"}
[debug] [2020-09-08T09:16:10.989Z] <<< HTTP RESPONSE 200 {"content-type":"application/json; charset=UTF-8","vary":"X-Origin, Referer, Origin,Accept-Encoding","date":"Tue, 08 Sep 2020 09:16:10 GMT","server":"ESF","cache-control":"private","x-xss-protection":"0","x-frame-options":"SAMEORIGIN","x-content-type-options":"nosniff","alt-svc":"h3-29=\":443\"; ma=2592000,h3-27=\":443\"; ma=2592000,h3-T051=\":443\"; ma=2592000,h3-T050=\":443\"; ma=2592000,h3-Q050=\":443\"; ma=2592000,h3-Q046=\":443\"; ma=2592000,h3-Q043=\":443\"; ma=2592000,quic=\":443\"; ma=2592000; v=\"46,43\"","accept-ranges":"none","transfer-encoding":"chunked"}
[info] ✔  functions: required API cloudfunctions.googleapis.com is enabled
[debug] [2020-09-08T09:16:10.990Z] >>> HTTP REQUEST GET https://firebase.googleapis.com/v1beta1/projects/ecomarine-waste/adminSdkConfig  
 
[debug] [2020-09-08T09:16:11.680Z] <<< HTTP RESPONSE 200 {"content-type":"application/json; charset=UTF-8","vary":"X-Origin, Referer, Origin,Accept-Encoding","date":"Tue, 08 Sep 2020 09:16:11 GMT","server":"ESF","cache-control":"private","x-xss-protection":"0","x-frame-options":"SAMEORIGIN","x-content-type-options":"nosniff","alt-svc":"h3-29=\":443\"; ma=2592000,h3-27=\":443\"; ma=2592000,h3-T051=\":443\"; ma=2592000,h3-T050=\":443\"; ma=2592000,h3-Q050=\":443\"; ma=2592000,h3-Q046=\":443\"; ma=2592000,h3-Q043=\":443\"; ma=2592000,quic=\":443\"; ma=2592000; v=\"46,43\"","accept-ranges":"none","transfer-encoding":"chunked"}
[info] i  functions: preparing functions directory for uploading...
[debug] [2020-09-08T09:16:11.682Z] >>> HTTP REQUEST GET https://runtimeconfig.googleapis.com/v1beta1/projects/ecomarine-waste/configs  
 
[debug] [2020-09-08T09:16:12.853Z] <<< HTTP RESPONSE 200 {"content-type":"application/json; charset=UTF-8","vary":"X-Origin, Referer, Origin,Accept-Encoding","date":"Tue, 08 Sep 2020 09:16:12 GMT","server":"ESF","cache-control":"private","x-xss-protection":"0","x-frame-options":"SAMEORIGIN","x-content-type-options":"nosniff","alt-svc":"h3-29=\":443\"; ma=2592000,h3-27=\":443\"; ma=2592000,h3-T051=\":443\"; ma=2592000,h3-T050=\":443\"; ma=2592000,h3-Q050=\":443\"; ma=2592000,h3-Q046=\":443\"; ma=2592000,h3-Q043=\":443\"; ma=2592000,quic=\":443\"; ma=2592000; v=\"46,43\"","accept-ranges":"none","transfer-encoding":"chunked"}
[info] i  functions: packaged functions (48.81 KB) for uploading
[debug] [2020-09-08T09:16:13.044Z] >>> HTTP REQUEST GET https://cloudfunctions.googleapis.com/v1/projects/ecomarine-waste/locations/-/functions  
 
[debug] [2020-09-08T09:16:13.914Z] <<< HTTP RESPONSE 200 {"content-type":"application/json; charset=UTF-8","vary":"X-Origin, Referer, Origin,Accept-Encoding","date":"Tue, 08 Sep 2020 09:16:13 GMT","server":"ESF","cache-control":"private","x-xss-protection":"0","x-frame-options":"SAMEORIGIN","x-content-type-options":"nosniff","alt-svc":"h3-29=\":443\"; ma=2592000,h3-27=\":443\"; ma=2592000,h3-T051=\":443\"; ma=2592000,h3-T050=\":443\"; ma=2592000,h3-Q050=\":443\"; ma=2592000,h3-Q046=\":443\"; ma=2592000,h3-Q043=\":443\"; ma=2592000,quic=\":443\"; ma=2592000; v=\"46,43\"","accept-ranges":"none","transfer-encoding":"chunked"}
[debug] [2020-09-08T09:16:13.918Z] >>> HTTP REQUEST POST https://cloudfunctions.googleapis.com/v1/projects/ecomarine-waste/locations/us-central1/functions:generateUploadUrl  
 
[debug] [2020-09-08T09:16:14.898Z] <<< HTTP RESPONSE 200 {"content-type":"application/json; charset=UTF-8","vary":"X-Origin, Referer, Origin,Accept-Encoding","date":"Tue, 08 Sep 2020 09:16:14 GMT","server":"ESF","cache-control":"private","x-xss-protection":"0","x-frame-options":"SAMEORIGIN","x-content-type-options":"nosniff","alt-svc":"h3-29=\":443\"; ma=2592000,h3-27=\":443\"; ma=2592000,h3-T051=\":443\"; ma=2592000,h3-T050=\":443\"; ma=2592000,h3-Q050=\":443\"; ma=2592000,h3-Q046=\":443\"; ma=2592000,h3-Q043=\":443\"; ma=2592000,quic=\":443\"; ma=2592000; v=\"46,43\"","accept-ranges":"none","transfer-encoding":"chunked"}
[debug] [2020-09-08T09:16:14.899Z] >>> HTTP REQUEST PUT https://storage.googleapis.com/gcf-upload-us-central1-dd413875-4765-471b-a024-8fee5c314cf0/3f69ebc5-95bb-47f3-ba49-ec8cf6f5f21e.zip?GoogleAccessId=service-953274739599@gcf-admin-robot.iam.gserviceaccount.com&Expires=1599558374&Signature=jMC7E84upBWsfTdP%2BQPsqSfaOH5rhKxcnCTzpGBMCBViKQ9EzL0K%2Ftj1r2Ae3h2QtZgzI29a1l%2FJz8ckzDIM7Mq0a7eUycQACpfDeld478%2BxmMNdsrQuG5ZmLAmUzXsv5%2FYhR%2BIk0%2F3kVXhjteojVxc08rSpxIGog0SUMteYqwUm7zDpnt%2BD4iq0PAhooV51%2FXfMhjd11L21gcXcpW0RtpwjyiZN2iOVlNnmWV9WfHZEWD%2FAPQD9Ap8Rh5V7PREyx%2Fgmv9lHS42KcNMLhzRjtBjpL%2F8qi7ARr0taUMBxH3JHprC9ZMGeC%2BTjqwlve8q36Wvj3PBEp8BTdJuOCXb2uA%3D%3D  
 <request body omitted>
[debug] [2020-09-08T09:16:15.776Z] <<< HTTP RESPONSE 200 {"x-guploader-uploadid":"ABg5-Uwl15vGVnmVRJSVu5ZzhUmro7Po9X5cCpUzwF6PIS66MzyAlI0vyhahxqIoTU0kHwMElSP-juJose1GBnHnbim83b5iFw","etag":"\"e866fe4de1f8ab53e960e2936dd371c4\"","x-goog-generation":"1599556575662068","x-goog-metageneration":"1","x-goog-hash":"crc32c=h+3CmQ==, md5=6Gb+TeH4q1PpYOKTbdNxxA==","x-goog-stored-content-length":"49982","x-goog-stored-content-encoding":"identity","vary":"Origin","content-length":"0","date":"Tue, 08 Sep 2020 09:16:15 GMT","server":"UploadServer","content-type":"text/html; charset=UTF-8","alt-svc":"h3-29=\":443\"; ma=2592000,h3-27=\":443\"; ma=2592000,h3-T051=\":443\"; ma=2592000,h3-T050=\":443\"; ma=2592000,h3-Q050=\":443\"; ma=2592000,h3-Q046=\":443\"; ma=2592000,h3-Q043=\":443\"; ma=2592000,quic=\":443\"; ma=2592000; v=\"46,43\""}
[info] ✔  functions: functions folder uploaded successfully
[info] i  functions: updating Node.js 8 function sendMail(us-central1)...
[debug] [2020-09-08T09:16:15.781Z] Trigger is:  {"eventTrigger":{"resource":"projects/_/instances/ecomarine-waste/refs/users/{userId}/records/{recordId}","eventType":"providers/google.firebase.database/eventTypes/ref.create","service":"firebaseio.com"}}
[debug] [2020-09-08T09:16:15.782Z] >>> HTTP REQUEST GET https://serviceusage.googleapis.com/v1/projects/ecomarine-waste/services/cloudscheduler.googleapis.com  
 
[debug] [2020-09-08T09:16:16.904Z] <<< HTTP RESPONSE 200 {"content-type":"application/json; charset=UTF-8","vary":"X-Origin, Referer, Origin,Accept-Encoding","date":"Tue, 08 Sep 2020 09:16:16 GMT","server":"ESF","cache-control":"private","x-xss-protection":"0","x-frame-options":"SAMEORIGIN","x-content-type-options":"nosniff","alt-svc":"h3-29=\":443\"; ma=2592000,h3-27=\":443\"; ma=2592000,h3-T051=\":443\"; ma=2592000,h3-T050=\":443\"; ma=2592000,h3-Q050=\":443\"; ma=2592000,h3-Q046=\":443\"; ma=2592000,h3-Q043=\":443\"; ma=2592000,quic=\":443\"; ma=2592000; v=\"46,43\"","accept-ranges":"none","transfer-encoding":"chunked"}
[debug] [2020-09-08T09:16:16.907Z] >>> HTTP REQUEST PATCH https://cloudfunctions.googleapis.com/v1/projects/ecomarine-waste/locations/us-central1/functions/sendMail {"updateMask":"sourceUploadUrl,name,labels,runtime,eventTrigger.resource,eventTrigger.eventType,eventTrigger.service"} 
 {"sourceUploadUrl":"https://storage.googleapis.com/gcf-upload-us-central1-dd413875-4765-471b-a024-8fee5c314cf0/3f69ebc5-95bb-47f3-ba49-ec8cf6f5f21e.zip?GoogleAccessId=service-953274739599@gcf-admin-robot.iam.gserviceaccount.com&Expires=1599558374&Signature=jMC7E84upBWsfTdP%2BQPsqSfaOH5rhKxcnCTzpGBMCBViKQ9EzL0K%2Ftj1r2Ae3h2QtZgzI29a1l%2FJz8ckzDIM7Mq0a7eUycQACpfDeld478%2BxmMNdsrQuG5ZmLAmUzXsv5%2FYhR%2BIk0%2F3kVXhjteojVxc08rSpxIGog0SUMteYqwUm7zDpnt%2BD4iq0PAhooV51%2FXfMhjd11L21gcXcpW0RtpwjyiZN2iOVlNnmWV9WfHZEWD%2FAPQD9Ap8Rh5V7PREyx%2Fgmv9lHS42KcNMLhzRjtBjpL%2F8qi7ARr0taUMBxH3JHprC9ZMGeC%2BTjqwlve8q36Wvj3PBEp8BTdJuOCXb2uA%3D%3D","name":"projects/ecomarine-waste/locations/us-central1/functions/sendMail","labels":{"deployment-tool":"cli-firebase"},"eventTrigger":{"resource":"projects/_/instances/ecomarine-waste/refs/users/{userId}/records/{recordId}","eventType":"providers/google.firebase.database/eventTypes/ref.create","service":"firebaseio.com"},"runtime":"nodejs8"}
[debug] [2020-09-08T09:16:18.470Z] <<< HTTP RESPONSE 200 {"content-type":"application/json; charset=UTF-8","vary":"X-Origin, Referer, Origin,Accept-Encoding","date":"Tue, 08 Sep 2020 09:16:18 GMT","server":"ESF","cache-control":"private","x-xss-protection":"0","x-frame-options":"SAMEORIGIN","x-content-type-options":"nosniff","alt-svc":"h3-29=\":443\"; ma=2592000,h3-27=\":443\"; ma=2592000,h3-T051=\":443\"; ma=2592000,h3-T050=\":443\"; ma=2592000,h3-Q050=\":443\"; ma=2592000,h3-Q046=\":443\"; ma=2592000,h3-Q043=\":443\"; ma=2592000,quic=\":443\"; ma=2592000; v=\"46,43\"","accept-ranges":"none","transfer-encoding":"chunked"}
[debug] [2020-09-08T09:16:18.472Z] >>> HTTP REQUEST GET https://cloudfunctions.googleapis.com/v1/operations/ZWNvbWFyaW5lLXdhc3RlL3VzLWNlbnRyYWwxL3NlbmRNYWlsL1pma3QzNXdYamlv  
 
[debug] [2020-09-08T09:16:18.920Z] <<< HTTP RESPONSE 200 {"content-type":"application/json; charset=UTF-8","vary":"X-Origin, Referer, Origin,Accept-Encoding","date":"Tue, 08 Sep 2020 09:16:18 GMT","server":"ESF","cache-control":"private","x-xss-protection":"0","x-frame-options":"SAMEORIGIN","x-content-type-options":"nosniff","alt-svc":"h3-29=\":443\"; ma=2592000,h3-27=\":443\"; ma=2592000,h3-T051=\":443\"; ma=2592000,h3-T050=\":443\"; ma=2592000,h3-Q050=\":443\"; ma=2592000,h3-Q046=\":443\"; ma=2592000,h3-Q043=\":443\"; ma=2592000,quic=\":443\"; ma=2592000; v=\"46,43\"","accept-ranges":"none","transfer-encoding":"chunked"}
[debug] [2020-09-08T09:16:20.924Z] >>> HTTP REQUEST GET https://cloudfunctions.googleapis.com/v1/operations/ZWNvbWFyaW5lLXdhc3RlL3VzLWNlbnRyYWwxL3NlbmRNYWlsL1pma3QzNXdYamlv  
 
[debug] [2020-09-08T09:16:21.398Z] <<< HTTP RESPONSE 200 {"content-type":"application/json; charset=UTF-8","vary":"X-Origin, Referer, Origin,Accept-Encoding","date":"Tue, 08 Sep 2020 09:16:21 GMT","server":"ESF","cache-control":"private","x-xss-protection":"0","x-frame-options":"SAMEORIGIN","x-content-type-options":"nosniff","alt-svc":"h3-29=\":443\"; ma=2592000,h3-27=\":443\"; ma=2592000,h3-T051=\":443\"; ma=2592000,h3-T050=\":443\"; ma=2592000,h3-Q050=\":443\"; ma=2592000,h3-Q046=\":443\"; ma=2592000,h3-Q043=\":443\"; ma=2592000,quic=\":443\"; ma=2592000; v=\"46,43\"","accept-ranges":"none","transfer-encoding":"chunked"}
[debug] [2020-09-08T09:16:23.400Z] >>> HTTP REQUEST GET https://cloudfunctions.googleapis.com/v1/operations/ZWNvbWFyaW5lLXdhc3RlL3VzLWNlbnRyYWwxL3NlbmRNYWlsL1pma3QzNXdYamlv  
 
[debug] [2020-09-08T09:16:24.032Z] <<< HTTP RESPONSE 200 {"content-type":"application/json; charset=UTF-8","vary":"X-Origin, Referer, Origin,Accept-Encoding","date":"Tue, 08 Sep 2020 09:16:23 GMT","server":"ESF","cache-control":"private","x-xss-protection":"0","x-frame-options":"SAMEORIGIN","x-content-type-options":"nosniff","alt-svc":"h3-29=\":443\"; ma=2592000,h3-27=\":443\"; ma=2592000,h3-T051=\":443\"; ma=2592000,h3-T050=\":443\"; ma=2592000,h3-Q050=\":443\"; ma=2592000,h3-Q046=\":443\"; ma=2592000,h3-Q043=\":443\"; ma=2592000,quic=\":443\"; ma=2592000; v=\"46,43\"","accept-ranges":"none","transfer-encoding":"chunked"}
[debug] [2020-09-08T09:16:26.035Z] >>> HTTP REQUEST GET https://cloudfunctions.googleapis.com/v1/operations/ZWNvbWFyaW5lLXdhc3RlL3VzLWNlbnRyYWwxL3NlbmRNYWlsL1pma3QzNXdYamlv  
 
[debug] [2020-09-08T09:16:26.494Z] <<< HTTP RESPONSE 200 {"content-type":"application/json; charset=UTF-8","vary":"X-Origin, Referer, Origin,Accept-Encoding","date":"Tue, 08 Sep 2020 09:16:26 GMT","server":"ESF","cache-control":"private","x-xss-protection":"0","x-frame-options":"SAMEORIGIN","x-content-type-options":"nosniff","alt-svc":"h3-29=\":443\"; ma=2592000,h3-27=\":443\"; ma=2592000,h3-T051=\":443\"; ma=2592000,h3-T050=\":443\"; ma=2592000,h3-Q050=\":443\"; ma=2592000,h3-Q046=\":443\"; ma=2592000,h3-Q043=\":443\"; ma=2592000,quic=\":443\"; ma=2592000; v=\"46,43\"","accept-ranges":"none","transfer-encoding":"chunked"}
[debug] [2020-09-08T09:16:28.496Z] >>> HTTP REQUEST GET https://cloudfunctions.googleapis.com/v1/operations/ZWNvbWFyaW5lLXdhc3RlL3VzLWNlbnRyYWwxL3NlbmRNYWlsL1pma3QzNXdYamlv  
 
[debug] [2020-09-08T09:16:28.940Z] <<< HTTP RESPONSE 200 {"content-type":"application/json; charset=UTF-8","vary":"X-Origin, Referer, Origin,Accept-Encoding","date":"Tue, 08 Sep 2020 09:16:28 GMT","server":"ESF","cache-control":"private","x-xss-protection":"0","x-frame-options":"SAMEORIGIN","x-content-type-options":"nosniff","alt-svc":"h3-29=\":443\"; ma=2592000,h3-27=\":443\"; ma=2592000,h3-T051=\":443\"; ma=2592000,h3-T050=\":443\"; ma=2592000,h3-Q050=\":443\"; ma=2592000,h3-Q046=\":443\"; ma=2592000,h3-Q043=\":443\"; ma=2592000,quic=\":443\"; ma=2592000; v=\"46,43\"","accept-ranges":"none","transfer-encoding":"chunked"}
[debug] [2020-09-08T09:16:30.943Z] >>> HTTP REQUEST GET https://cloudfunctions.googleapis.com/v1/operations/ZWNvbWFyaW5lLXdhc3RlL3VzLWNlbnRyYWwxL3NlbmRNYWlsL1pma3QzNXdYamlv  
 
[debug] [2020-09-08T09:16:31.399Z] <<< HTTP RESPONSE 200 {"content-type":"application/json; charset=UTF-8","vary":"X-Origin, Referer, Origin,Accept-Encoding","date":"Tue, 08 Sep 2020 09:16:31 GMT","server":"ESF","cache-control":"private","x-xss-protection":"0","x-frame-options":"SAMEORIGIN","x-content-type-options":"nosniff","alt-svc":"h3-29=\":443\"; ma=2592000,h3-27=\":443\"; ma=2592000,h3-T051=\":443\"; ma=2592000,h3-T050=\":443\"; ma=2592000,h3-Q050=\":443\"; ma=2592000,h3-Q046=\":443\"; ma=2592000,h3-Q043=\":443\"; ma=2592000,quic=\":443\"; ma=2592000; v=\"46,43\"","accept-ranges":"none","transfer-encoding":"chunked"}
[debug] [2020-09-08T09:16:33.402Z] >>> HTTP REQUEST GET https://cloudfunctions.googleapis.com/v1/operations/ZWNvbWFyaW5lLXdhc3RlL3VzLWNlbnRyYWwxL3NlbmRNYWlsL1pma3QzNXdYamlv  
 
[debug] [2020-09-08T09:16:33.826Z] <<< HTTP RESPONSE 200 {"content-type":"application/json; charset=UTF-8","vary":"X-Origin, Referer, Origin,Accept-Encoding","date":"Tue, 08 Sep 2020 09:16:33 GMT","server":"ESF","cache-control":"private","x-xss-protection":"0","x-frame-options":"SAMEORIGIN","x-content-type-options":"nosniff","alt-svc":"h3-29=\":443\"; ma=2592000,h3-27=\":443\"; ma=2592000,h3-T051=\":443\"; ma=2592000,h3-T050=\":443\"; ma=2592000,h3-Q050=\":443\"; ma=2592000,h3-Q046=\":443\"; ma=2592000,h3-Q043=\":443\"; ma=2592000,quic=\":443\"; ma=2592000; v=\"46,43\"","accept-ranges":"none","transfer-encoding":"chunked"}
[debug] [2020-09-08T09:16:35.828Z] >>> HTTP REQUEST GET https://cloudfunctions.googleapis.com/v1/operations/ZWNvbWFyaW5lLXdhc3RlL3VzLWNlbnRyYWwxL3NlbmRNYWlsL1pma3QzNXdYamlv  
 
[debug] [2020-09-08T09:16:36.475Z] <<< HTTP RESPONSE 200 {"content-type":"application/json; charset=UTF-8","vary":"X-Origin, Referer, Origin,Accept-Encoding","date":"Tue, 08 Sep 2020 09:16:36 GMT","server":"ESF","cache-control":"private","x-xss-protection":"0","x-frame-options":"SAMEORIGIN","x-content-type-options":"nosniff","alt-svc":"h3-29=\":443\"; ma=2592000,h3-27=\":443\"; ma=2592000,h3-T051=\":443\"; ma=2592000,h3-T050=\":443\"; ma=2592000,h3-Q050=\":443\"; ma=2592000,h3-Q046=\":443\"; ma=2592000,h3-Q043=\":443\"; ma=2592000,quic=\":443\"; ma=2592000; v=\"46,43\"","accept-ranges":"none","transfer-encoding":"chunked"}
[debug] [2020-09-08T09:16:38.477Z] >>> HTTP REQUEST GET https://cloudfunctions.googleapis.com/v1/operations/ZWNvbWFyaW5lLXdhc3RlL3VzLWNlbnRyYWwxL3NlbmRNYWlsL1pma3QzNXdYamlv  
 
[debug] [2020-09-08T09:16:38.915Z] <<< HTTP RESPONSE 200 {"content-type":"application/json; charset=UTF-8","vary":"X-Origin, Referer, Origin,Accept-Encoding","date":"Tue, 08 Sep 2020 09:16:38 GMT","server":"ESF","cache-control":"private","x-xss-protection":"0","x-frame-options":"SAMEORIGIN","x-content-type-options":"nosniff","alt-svc":"h3-29=\":443\"; ma=2592000,h3-27=\":443\"; ma=2592000,h3-T051=\":443\"; ma=2592000,h3-T050=\":443\"; ma=2592000,h3-Q050=\":443\"; ma=2592000,h3-Q046=\":443\"; ma=2592000,h3-Q043=\":443\"; ma=2592000,quic=\":443\"; ma=2592000; v=\"46,43\"","accept-ranges":"none","transfer-encoding":"chunked"}
[debug] [2020-09-08T09:16:40.916Z] >>> HTTP REQUEST GET https://cloudfunctions.googleapis.com/v1/operations/ZWNvbWFyaW5lLXdhc3RlL3VzLWNlbnRyYWwxL3NlbmRNYWlsL1pma3QzNXdYamlv  
 
[debug] [2020-09-08T09:16:41.358Z] <<< HTTP RESPONSE 200 {"content-type":"application/json; charset=UTF-8","vary":"X-Origin, Referer, Origin,Accept-Encoding","date":"Tue, 08 Sep 2020 09:16:41 GMT","server":"ESF","cache-control":"private","x-xss-protection":"0","x-frame-options":"SAMEORIGIN","x-content-type-options":"nosniff","alt-svc":"h3-29=\":443\"; ma=2592000,h3-27=\":443\"; ma=2592000,h3-T051=\":443\"; ma=2592000,h3-T050=\":443\"; ma=2592000,h3-Q050=\":443\"; ma=2592000,h3-Q046=\":443\"; ma=2592000,h3-Q043=\":443\"; ma=2592000,quic=\":443\"; ma=2592000; v=\"46,43\"","accept-ranges":"none","transfer-encoding":"chunked"}
[debug] [2020-09-08T09:16:43.361Z] >>> HTTP REQUEST GET https://cloudfunctions.googleapis.com/v1/operations/ZWNvbWFyaW5lLXdhc3RlL3VzLWNlbnRyYWwxL3NlbmRNYWlsL1pma3QzNXdYamlv  
 
[debug] [2020-09-08T09:16:43.835Z] <<< HTTP RESPONSE 200 {"content-type":"application/json; charset=UTF-8","vary":"X-Origin, Referer, Origin,Accept-Encoding","date":"Tue, 08 Sep 2020 09:16:43 GMT","server":"ESF","cache-control":"private","x-xss-protection":"0","x-frame-options":"SAMEORIGIN","x-content-type-options":"nosniff","alt-svc":"h3-29=\":443\"; ma=2592000,h3-27=\":443\"; ma=2592000,h3-T051=\":443\"; ma=2592000,h3-T050=\":443\"; ma=2592000,h3-Q050=\":443\"; ma=2592000,h3-Q046=\":443\"; ma=2592000,h3-Q043=\":443\"; ma=2592000,quic=\":443\"; ma=2592000; v=\"46,43\"","accept-ranges":"none","transfer-encoding":"chunked"}
[debug] [2020-09-08T09:16:45.838Z] >>> HTTP REQUEST GET https://cloudfunctions.googleapis.com/v1/operations/ZWNvbWFyaW5lLXdhc3RlL3VzLWNlbnRyYWwxL3NlbmRNYWlsL1pma3QzNXdYamlv  
 
